<!DOCTYPE html PUBLIC "-//W3C//DTD XHTML 1.1//EN" "http://www.w3.org/TR/xhtml11/DTD/xhtml11.dtd">
<html xmlns="http://www.w3.org/1999/xhtml"><head><title>TestNG Report</title><style type="text/css">table {margin-bottom:10px;border-collapse:collapse;empty-cells:show}th,td {border:1px solid #009;padding:.25em .5em}th {vertical-align:bottom}td {vertical-align:top}table a {font-weight:bold}.stripe td {background-color: #E6EBF9}.num {text-align:right}.passedodd td {background-color: #3F3}.passedeven td {background-color: #0A0}.skippedodd td {background-color: #DDD}.skippedeven td {background-color: #CCC}.failedodd td,.attn {background-color: #F33}.failedeven td,.stripe .attn {background-color: #D00}.stacktrace {white-space:pre;font-family:monospace}.totop {font-size:85%;text-align:center;border-bottom:2px solid #000}</style></head><body><table><tr><th>Test</th><th># Passed</th><th># Skipped</th><th># Failed</th><th>Time (ms)</th><th>Included Groups</th><th>Excluded Groups</th></tr><tr><th colspan="7">Suite</th></tr><tr><td><a href="#t0">TestChrome</a></td><td class="num">2</td><td class="num">0</td><td class="num attn">1</td><td class="num">101,602</td><td></td><td></td></tr><tr class="stripe"><td><a href="#t1">TestFirefox</a></td><td class="num">2</td><td class="num">0</td><td class="num attn">1</td><td class="num">113,722</td><td></td><td></td></tr><tr><th>Total</th><th class="num">4</th><th class="num">0</th><th class="num attn">2</th><th class="num">215,324</th><th colspan="2"></th></tr></table><table id='summary'><thead><tr><th>Class</th><th>Method</th><th>Start</th><th>Time (ms)</th></tr></thead><tbody><tr><th colspan="4">Suite</th></tr></tbody><tbody id="t0"><tr><th colspan="4">TestChrome &#8212; failed</th></tr><tr class="failedeven"><td rowspan="1">com.orbitor.test.VerifyProductVersion</td><td><a href="#m0">testInvalidLogin</a></td><td rowspan="1">1503212105729</td><td rowspan="1">13509</td></tr><tr><th colspan="4">TestChrome &#8212; passed</th></tr><tr class="passedeven"><td rowspan="1">com.orbitor.test.InvalidLogin</td><td><a href="#m1">testInvalidLogin</a></td><td rowspan="1">1503212064498</td><td rowspan="1">31950</td></tr><tr class="passedodd"><td rowspan="1">com.orbitor.test.ValidLogin</td><td><a href="#m2">testValidLogin</a></td><td rowspan="1">1503212037741</td><td rowspan="1">16743</td></tr></tbody><tbody id="t1"><tr><th colspan="4">TestFirefox &#8212; failed</th></tr><tr class="failedeven"><td rowspan="1">com.orbitor.test.VerifyProductVersion</td><td><a href="#m3">testInvalidLogin</a></td><td rowspan="1">1503212118807</td><td rowspan="1">13470</td></tr><tr><th colspan="4">TestFirefox &#8212; passed</th></tr><tr class="passedeven"><td rowspan="1">com.orbitor.test.InvalidLogin</td><td><a href="#m4">testInvalidLogin</a></td><td rowspan="1">1503212070884</td><td rowspan="1">34638</td></tr><tr class="passedodd"><td rowspan="1">com.orbitor.test.ValidLogin</td><td><a href="#m5">testValidLogin</a></td><td rowspan="1">1503212048113</td><td rowspan="1">10235</td></tr></tbody></table><h2>TestChrome</h2><h3 id="m0">com.orbitor.test.VerifyProductVersion#testInvalidLogin</h3><table class="result"><tr><th>Exception</th></tr><tr><td><div class="stacktrace">java.lang.AssertionError: expected [actiTIME 2017.1] but found [actiTIME 2017.3]
	at com.orbitor.page.EnterTimeTrackPage.verifyVersion(EnterTimeTrackPage.java:41)
	at com.orbitor.test.VerifyProductVersion.testInvalidLogin(VerifyProductVersion.java:43)
	at java.util.concurrent.FutureTask.run(Unknown Source)
	at java.util.concurrent.ThreadPoolExecutor.runWorker(Unknown Source)
	at java.util.concurrent.ThreadPoolExecutor$Worker.run(Unknown Source)
	at java.lang.Thread.run(Unknown Source)
... Removed 22 stack frames</div></td></tr></table><p class="totop"><a href="#summary">back to summary</a></p><h3 id="m1">com.orbitor.test.InvalidLogin#testInvalidLogin</h3><table class="result"><tr><th>Messages</th></tr><tr><td><div class="messages">Element is present<br/>Element is present<br/>Element is present<br/>Element is present<br/>Element is present<br/>Element is present<br/>Hi</div></td></tr></table><p class="totop"><a href="#summary">back to summary</a></p><h3 id="m2">com.orbitor.test.ValidLogin#testValidLogin</h3><table class="result"><tr><th>Messages</th></tr><tr><td><div class="messages">Title is matching<br/>Hi</div></td></tr></table><p class="totop"><a href="#summary">back to summary</a></p><h2>TestFirefox</h2><h3 id="m3">com.orbitor.test.VerifyProductVersion#testInvalidLogin</h3><table class="result"><tr><th>Exception</th></tr><tr><td><div class="stacktrace">java.lang.AssertionError: expected [actiTIME 2017.1] but found [actiTIME 2017.3]
	at com.orbitor.page.EnterTimeTrackPage.verifyVersion(EnterTimeTrackPage.java:41)
	at com.orbitor.test.VerifyProductVersion.testInvalidLogin(VerifyProductVersion.java:43)
	at java.util.concurrent.FutureTask.run(Unknown Source)
	at java.util.concurrent.ThreadPoolExecutor.runWorker(Unknown Source)
	at java.util.concurrent.ThreadPoolExecutor$Worker.run(Unknown Source)
	at java.lang.Thread.run(Unknown Source)
... Removed 22 stack frames</div></td></tr></table><p class="totop"><a href="#summary">back to summary</a></p><h3 id="m4">com.orbitor.test.InvalidLogin#testInvalidLogin</h3><table class="result"><tr><th>Messages</th></tr><tr><td><div class="messages">Element is present<br/>Element is present<br/>Element is present<br/>Element is present<br/>Element is present<br/>Element is present<br/>Hi</div></td></tr></table><p class="totop"><a href="#summary">back to summary</a></p><h3 id="m5">com.orbitor.test.ValidLogin#testValidLogin</h3><table class="result"><tr><th>Messages</th></tr><tr><td><div class="messages">Title is matching<br/>Hi</div></td></tr></table><p class="totop"><a href="#summary">back to summary</a></p></body></html>